#
# There is insufficient memory for the Java Runtime Environment to continue.
# Native memory allocation (malloc) failed to allocate 739456 bytes for Chunk::new
# Possible reasons:
#   The system is out of physical RAM or swap space
#   In 32 bit mode, the process size limit was hit
# Possible solutions:
#   Reduce memory load on the system
#   Increase physical memory or swap space
#   Check if swap backing store is full
#   Use 64 bit Java on a 64 bit OS
#   Decrease Java heap size (-Xmx/-Xms)
#   Decrease number of Java threads
#   Decrease Java thread stack sizes (-Xss)
#   Set larger code cache with -XX:ReservedCodeCacheSize=
# This output file may be truncated or incomplete.
#
#  Out of Memory Error (allocation.cpp:390), pid=1968, tid=0x0000000000000934
#
# JRE version: OpenJDK Runtime Environment (8.0_152-b01) (build 1.8.0_152-release-915-b01)
# Java VM: OpenJDK 64-Bit Server VM (25.152-b01 mixed mode windows-amd64 compressed oops)
# Failed to write core dump. Minidumps are not enabled by default on client versions of Windows
#

---------------  T H R E A D  ---------------

Current thread (0x000000001819e800):  JavaThread "C2 CompilerThread0" daemon [_thread_in_native, id=2356, stack(0x00000000198f0000,0x00000000199f0000)]

Stack: [0x00000000198f0000,0x00000000199f0000]
[error occurred during error reporting (printing stack bounds), id 0xc0000005]

Native frames: (J=compiled Java code, j=interpreted, Vv=VM code, C=native code)


Current CompileTask:
C2:  93456 12386       4       com.android.utils.PositionXmlParser::getPositionHelper (757 bytes)


---------------  P R O C E S S  ---------------

Java Threads: ( => current thread )
  0x0000000021537800 JavaThread "Task worker for ':' Thread 3" [_thread_blocked, id=10568, stack(0x0000000026c30000,0x0000000026d30000)]
  0x000000001ae58000 JavaThread "Task worker for ':' Thread 2" [_thread_blocked, id=10516, stack(0x0000000026b30000,0x0000000026c30000)]
  0x000000001ae57000 JavaThread "Task worker for ':'" [_thread_in_native, id=13244, stack(0x0000000026a30000,0x0000000026b30000)]
  0x000000001ae4f800 JavaThread "Cache worker for task history cache (C:\Users\Huy\Desktop\Workspace\BusMap\.gradle\4.1\taskHistory)" [_thread_blocked, id=11104, stack(0x0000000026930000,0x0000000026a30000)]
  0x000000001ae51000 JavaThread "build operations Thread 4" [_thread_blocked, id=4716, stack(0x0000000026830000,0x0000000026930000)]
  0x000000001ae50800 JavaThread "build operations Thread 3" [_thread_blocked, id=13056, stack(0x0000000026730000,0x0000000026830000)]
  0x000000001ae4f000 JavaThread "build operations Thread 2" [_thread_blocked, id=9472, stack(0x0000000026630000,0x0000000026730000)]
  0x000000001ae53800 JavaThread "build operations" [_thread_blocked, id=224, stack(0x0000000026530000,0x0000000026630000)]
  0x000000001ae54000 JavaThread "Cache worker for Artifact transforms cache (C:\Users\Huy\.gradle\caches\transforms-1)" [_thread_blocked, id=4220, stack(0x0000000026430000,0x0000000026530000)]
  0x000000001ae52800 JavaThread "Cache worker for file hash cache (C:\Users\Huy\Desktop\Workspace\BusMap\.gradle\4.1\fileHashes)" [_thread_blocked, id=12376, stack(0x0000000026330000,0x0000000026430000)]
  0x000000001ae52000 JavaThread "Stdin handler" [_thread_blocked, id=10908, stack(0x0000000026230000,0x0000000026330000)]
  0x000000001ae55800 JavaThread "Asynchronous log dispatcher for DefaultDaemonConnection: socket connection from /127.0.0.1:63314 to /127.0.0.1:63366" [_thread_blocked, id=11508, stack(0x0000000026130000,0x0000000026230000)]
  0x000000001de0c800 JavaThread "Cancel handler" [_thread_blocked, id=2092, stack(0x0000000026030000,0x0000000026130000)]
  0x000000001de0b800 JavaThread "Handler for socket connection from /127.0.0.1:63314 to /127.0.0.1:63366" [_thread_in_native, id=4516, stack(0x0000000025f30000,0x0000000026030000)]
  0x000000001ae5b800 JavaThread "Memory manager" [_thread_blocked, id=4040, stack(0x00000000234d0000,0x00000000235d0000)]
  0x000000001ae5c800 JavaThread "pool-1-thread-1" [_thread_blocked, id=7664, stack(0x00000000233d0000,0x00000000234d0000)]
  0x000000001b7fb800 JavaThread "File lock request listener" [_thread_in_native, id=4928, stack(0x000000001cb40000,0x000000001cc40000)]
  0x000000001b7fa800 JavaThread "Cache worker for file hash cache (C:\Users\Huy\.gradle\caches\4.1\fileHashes)" [_thread_blocked, id=7624, stack(0x000000001ca40000,0x000000001cb40000)]
  0x000000001b0f0800 JavaThread "Daemon worker" [_thread_blocked, id=10692, stack(0x000000001c740000,0x000000001c840000)]
  0x000000001af40000 JavaThread "Daemon" [_thread_blocked, id=9308, stack(0x000000001c240000,0x000000001c340000)]
  0x000000001b1ae000 JavaThread "Daemon periodic checks" [_thread_blocked, id=3948, stack(0x000000001c140000,0x000000001c240000)]
  0x000000001b1a7000 JavaThread "Incoming local TCP Connector on port 63314" [_thread_in_native, id=7820, stack(0x000000001bf00000,0x000000001c000000)]
  0x0000000019c18800 JavaThread "Service Thread" daemon [_thread_blocked, id=11196, stack(0x0000000019ff0000,0x000000001a0f0000)]
  0x00000000181aa000 JavaThread "C1 CompilerThread2" daemon [_thread_blocked, id=952, stack(0x0000000019af0000,0x0000000019bf0000)]
  0x00000000181a2800 JavaThread "C2 CompilerThread1" daemon [_thread_blocked, id=3988, stack(0x00000000199f0000,0x0000000019af0000)]
=>0x000000001819e800 JavaThread "C2 CompilerThread0" daemon [_thread_in_native, id=2356, stack(0x00000000198f0000,0x00000000199f0000)]
  0x000000001819d800 JavaThread "Attach Listener" daemon [_thread_blocked, id=12832, stack(0x00000000197f0000,0x00000000198f0000)]
  0x000000001819c800 JavaThread "Signal Dispatcher" daemon [_thread_blocked, id=6604, stack(0x00000000196f0000,0x00000000197f0000)]
  0x0000000018189000 JavaThread "Finalizer" daemon [_thread_blocked, id=2920, stack(0x0000000019400000,0x0000000019500000)]
  0x0000000004824000 JavaThread "Reference Handler" daemon [_thread_blocked, id=1664, stack(0x0000000019300000,0x0000000019400000)]
  0x0000000004732800 JavaThread "main" [_thread_blocked, id=3288, stack(0x00000000045a0000,0x00000000046a0000)]

Other Threads:
  0x0000000018165800 VMThread [stack: 0x0000000019200000,0x0000000019300000] [id=6036]
  0x00000000181da000 WatcherThread [stack: 0x000000001a0f0000,0x000000001a1f0000] [id=5008]

VM state:not at safepoint (normal execution)

VM Mutex/Monitor currently owned by a thread: None

Heap:
 PSYoungGen      total 230400K, used 182340K [0x00000000e0000000, 0x00000000f4900000, 0x0000000100000000)
  eden space 200704K, 76% used [0x00000000e0000000,0x00000000e9511c40,0x00000000ec400000)
  from space 29696K, 99% used [0x00000000ec400000,0x00000000ee0ff728,0x00000000ee100000)
  to   space 40960K, 0% used [0x00000000f2100000,0x00000000f2100000,0x00000000f4900000)
 ParOldGen       total 134144K, used 58699K [0x00000000a0000000, 0x00000000a8300000, 0x00000000e0000000)
  object space 134144K, 43% used [0x00000000a0000000,0x00000000a3952da0,0x00000000a8300000)
 Metaspace       used 71394K, capacity 74676K, committed 74840K, reserved 1114112K
  class space    used 9370K, capacity 10253K, committed 10368K, reserved 1048576K

Card table byte_map: [0x0000000013bf0000,0x0000000013f00000] byte_map_base: 0x00000000136f0000

Marking Bits: (ParMarkBitMap*) 0x0000000062da3950
 Begin Bits: [0x0000000014500000, 0x0000000015d00000)
 End Bits:   [0x0000000015d00000, 0x0000000017500000)

Polling page: 0x0000000002d70000

CodeCache: size=245760Kb used=34844Kb max_used=34848Kb free=210915Kb
 bounds [0x0000000004830000, 0x0000000006a80000, 0x0000000013830000]
 total_blobs=11134 nmethods=10309 adapters=737
 compilation: enabled

Compilation events (10 events):
Event: 93.410 Thread 0x00000000181aa000 12409       1       org.gradle.api.internal.changedetection.state.CacheBackedTaskHistoryRepository::access$300 (5 bytes)
Event: 93.410 Thread 0x00000000181aa000 nmethod 12409 0x00000000067e6210 code [0x00000000067e6360, 0x00000000067e6450]
Event: 93.417 Thread 0x00000000181aa000 12410       3       org.gradle.cache.internal.btree.FreeListBlockStore$FreeListBlock::write (84 bytes)
Event: 93.418 Thread 0x00000000181aa000 nmethod 12410 0x00000000069e4890 code [0x00000000069e4aa0, 0x00000000069e5528]
Event: 93.418 Thread 0x00000000181aa000 12411       3       com.google.common.collect.ImmutableMapEntrySet::<init> (5 bytes)
Event: 93.419 Thread 0x00000000181aa000 nmethod 12411 0x00000000069e2a50 code [0x00000000069e2bc0, 0x00000000069e2e90]
Event: 93.419 Thread 0x00000000181aa000 12412       1       org.gradle.api.internal.tasks.TaskStateInternal::getFailure (5 bytes)
Event: 93.419 Thread 0x00000000181aa000 nmethod 12412 0x00000000069e2790 code [0x00000000069e28e0, 0x00000000069e29f0]
Event: 93.419 Thread 0x00000000181aa000 12413       3       com.google.common.base.CharMatcher$InRange::matches (22 bytes)
Event: 93.419 Thread 0x00000000181aa000 nmethod 12413 0x00000000069e23d0 code [0x00000000069e2520, 0x00000000069e2710]

GC Heap History (10 events):
Event: 44.005 GC heap before
{Heap before GC invocations=16 (full 2):
 PSYoungGen      total 124928K, used 29632K [0x00000000e0000000, 0x00000000eb580000, 0x0000000100000000)
  eden space 108032K, 11% used [0x00000000e0000000,0x00000000e0c74ea8,0x00000000e6980000)
  from space 16896K, 99% used [0x00000000e6980000,0x00000000e79fb4f0,0x00000000e7a00000)
  to   space 22016K, 0% used [0x00000000ea000000,0x00000000ea000000,0x00000000eb580000)
 ParOldGen       total 99328K, used 24908K [0x00000000a0000000, 0x00000000a6100000, 0x00000000e0000000)
  object space 99328K, 25% used [0x00000000a0000000,0x00000000a1853390,0x00000000a6100000)
 Metaspace       used 56958K, capacity 58846K, committed 59028K, reserved 1099776K
  class space    used 7664K, capacity 8176K, committed 8192K, reserved 1048576K
Event: 44.127 GC heap after
Heap after GC invocations=16 (full 2):
 PSYoungGen      total 162304K, used 17745K [0x00000000e0000000, 0x00000000ece00000, 0x0000000100000000)
  eden space 140288K, 0% used [0x00000000e0000000,0x00000000e0000000,0x00000000e8900000)
  from space 22016K, 80% used [0x00000000ea000000,0x00000000eb1547b0,0x00000000eb580000)
  to   space 23552K, 0% used [0x00000000e8900000,0x00000000e8900000,0x00000000ea000000)
 ParOldGen       total 99328K, used 24916K [0x00000000a0000000, 0x00000000a6100000, 0x00000000e0000000)
  object space 99328K, 25% used [0x00000000a0000000,0x00000000a1855390,0x00000000a6100000)
 Metaspace       used 56958K, capacity 58846K, committed 59028K, reserved 1099776K
  class space    used 7664K, capacity 8176K, committed 8192K, reserved 1048576K
}
Event: 44.127 GC heap before
{Heap before GC invocations=17 (full 3):
 PSYoungGen      total 162304K, used 17745K [0x00000000e0000000, 0x00000000ece00000, 0x0000000100000000)
  eden space 140288K, 0% used [0x00000000e0000000,0x00000000e0000000,0x00000000e8900000)
  from space 22016K, 80% used [0x00000000ea000000,0x00000000eb1547b0,0x00000000eb580000)
  to   space 23552K, 0% used [0x00000000e8900000,0x00000000e8900000,0x00000000ea000000)
 ParOldGen       total 99328K, used 24916K [0x00000000a0000000, 0x00000000a6100000, 0x00000000e0000000)
  object space 99328K, 25% used [0x00000000a0000000,0x00000000a1855390,0x00000000a6100000)
 Metaspace       used 56958K, capacity 58846K, committed 59028K, reserved 1099776K
  class space    used 7664K, capacity 8176K, committed 8192K, reserved 1048576K
Event: 44.758 GC heap after
Heap after GC invocations=17 (full 3):
 PSYoungGen      total 162304K, used 0K [0x00000000e0000000, 0x00000000ece00000, 0x0000000100000000)
  eden space 140288K, 0% used [0x00000000e0000000,0x00000000e0000000,0x00000000e8900000)
  from space 22016K, 0% used [0x00000000ea000000,0x00000000ea000000,0x00000000eb580000)
  to   space 23552K, 0% used [0x00000000e8900000,0x00000000e8900000,0x00000000ea000000)
 ParOldGen       total 134144K, used 37727K [0x00000000a0000000, 0x00000000a8300000, 0x00000000e0000000)
  object space 134144K, 28% used [0x00000000a0000000,0x00000000a24d7f88,0x00000000a8300000)
 Metaspace       used 56912K, capacity 58792K, committed 59028K, reserved 1099776K
  class space    used 7649K, capacity 8158K, committed 8192K, reserved 1048576K
}
Event: 48.784 GC heap before
{Heap before GC invocations=18 (full 3):
 PSYoungGen      total 162304K, used 140288K [0x00000000e0000000, 0x00000000ece00000, 0x0000000100000000)
  eden space 140288K, 100% used [0x00000000e0000000,0x00000000e8900000,0x00000000e8900000)
  from space 22016K, 0% used [0x00000000ea000000,0x00000000ea000000,0x00000000eb580000)
  to   space 23552K, 0% used [0x00000000e8900000,0x00000000e8900000,0x00000000ea000000)
 ParOldGen       total 134144K, used 37727K [0x00000000a0000000, 0x00000000a8300000, 0x00000000e0000000)
  object space 134144K, 28% used [0x00000000a0000000,0x00000000a24d7f88,0x00000000a8300000)
 Metaspace       used 59901K, capacity 62416K, committed 62680K, reserved 1103872K
  class space    used 8164K, capacity 8925K, committed 8960K, reserved 1048576K
Event: 48.820 GC heap after
Heap after GC invocations=18 (full 3):
 PSYoungGen      total 163840K, used 18137K [0x00000000e0000000, 0x00000000ef980000, 0x0000000100000000)
  eden space 140288K, 0% used [0x00000000e0000000,0x00000000e0000000,0x00000000e8900000)
  from space 23552K, 77% used [0x00000000e8900000,0x00000000e9ab66d8,0x00000000ea000000)
  to   space 25088K, 0% used [0x00000000ee100000,0x00000000ee100000,0x00000000ef980000)
 ParOldGen       total 134144K, used 37735K [0x00000000a0000000, 0x00000000a8300000, 0x00000000e0000000)
  object space 134144K, 28% used [0x00000000a0000000,0x00000000a24d9f88,0x00000000a8300000)
 Metaspace       used 59901K, capacity 62416K, committed 62680K, reserved 1103872K
  class space    used 8164K, capacity 8925K, committed 8960K, reserved 1048576K
}
Event: 60.456 GC heap before
{Heap before GC invocations=19 (full 3):
 PSYoungGen      total 163840K, used 158425K [0x00000000e0000000, 0x00000000ef980000, 0x0000000100000000)
  eden space 140288K, 100% used [0x00000000e0000000,0x00000000e8900000,0x00000000e8900000)
  from space 23552K, 77% used [0x00000000e8900000,0x00000000e9ab66d8,0x00000000ea000000)
  to   space 25088K, 0% used [0x00000000ee100000,0x00000000ee100000,0x00000000ef980000)
 ParOldGen       total 134144K, used 37735K [0x00000000a0000000, 0x00000000a8300000, 0x00000000e0000000)
  object space 134144K, 28% used [0x00000000a0000000,0x00000000a24d9f88,0x00000000a8300000)
 Metaspace       used 66953K, capacity 70092K, committed 70104K, reserved 1110016K
  class space    used 8874K, capacity 9723K, committed 9728K, reserved 1048576K
Event: 60.522 GC heap after
Heap after GC invocations=19 (full 3):
 PSYoungGen      total 225792K, used 25074K [0x00000000e0000000, 0x00000000efe80000, 0x0000000100000000)
  eden space 200704K, 0% used [0x00000000e0000000,0x00000000e0000000,0x00000000ec400000)
  from space 25088K, 99% used [0x00000000ee100000,0x00000000ef97c8c8,0x00000000ef980000)
  to   space 29696K, 0% used [0x00000000ec400000,0x00000000ec400000,0x00000000ee100000)
 ParOldGen       total 134144K, used 40300K [0x00000000a0000000, 0x00000000a8300000, 0x00000000e0000000)
  object space 134144K, 30% used [0x00000000a0000000,0x00000000a275b3d8,0x00000000a8300000)
 Metaspace       used 66953K, capacity 70092K, committed 70104K, reserved 1110016K
  class space    used 8874K, capacity 9723K, committed 9728K, reserved 1048576K
}
Event: 72.828 GC heap before
{Heap before GC invocations=20 (full 3):
 PSYoungGen      total 225792K, used 225778K [0x00000000e0000000, 0x00000000efe80000, 0x0000000100000000)
  eden space 200704K, 100% used [0x00000000e0000000,0x00000000ec400000,0x00000000ec400000)
  from space 25088K, 99% used [0x00000000ee100000,0x00000000ef97c8c8,0x00000000ef980000)
  to   space 29696K, 0% used [0x00000000ec400000,0x00000000ec400000,0x00000000ee100000)
 ParOldGen       total 134144K, used 40300K [0x00000000a0000000, 0x00000000a8300000, 0x00000000e0000000)
  object space 134144K, 30% used [0x00000000a0000000,0x00000000a275b3d8,0x00000000a8300000)
 Metaspace       used 69514K, capacity 72682K, committed 73048K, reserved 1112064K
  class space    used 9165K, capacity 10018K, committed 10112K, reserved 1048576K
Event: 72.958 GC heap after
Heap after GC invocations=20 (full 3):
 PSYoungGen      total 230400K, used 29693K [0x00000000e0000000, 0x00000000f4900000, 0x0000000100000000)
  eden space 200704K, 0% used [0x00000000e0000000,0x00000000e0000000,0x00000000ec400000)
  from space 29696K, 99% used [0x00000000ec400000,0x00000000ee0ff728,0x00000000ee100000)
  to   space 40960K, 0% used [0x00000000f2100000,0x00000000f2100000,0x00000000f4900000)
 ParOldGen       total 134144K, used 58699K [0x00000000a0000000, 0x00000000a8300000, 0x00000000e0000000)
  object space 134144K, 43% used [0x00000000a0000000,0x00000000a3952da0,0x00000000a8300000)
 Metaspace       used 69514K, capacity 72682K, committed 73048K, reserved 1112064K
  class space    used 9165K, capacity 10018K, committed 10112K, reserved 1048576K
}

Deoptimization events (10 events):
Event: 93.255 Thread 0x000000001ae57000 Uncommon trap: reason=class_check action=maybe_recompile pc=0x00000000068d038c method=java.util.Iterator.forEachRemaining(Ljava/util/function/Consumer;)V @ 6
Event: 93.311 Thread 0x000000001ae57000 Uncommon trap: reason=class_check action=maybe_recompile pc=0x0000000005d84f50 method=java.lang.AbstractStringBuilder.append(Ljava/lang/CharSequence;)Ljava/lang/AbstractStringBuilder; @ 26
Event: 93.311 Thread 0x000000001ae57000 Uncommon trap: reason=class_check action=maybe_recompile pc=0x00000000049cd5a8 method=java.lang.AbstractStringBuilder.append(Ljava/lang/CharSequence;II)Ljava/lang/AbstractStringBuilder; @ 18
Event: 93.316 Thread 0x000000001ae57000 Uncommon trap: reason=predicate action=maybe_recompile pc=0x000000000683d98c method=com.google.common.collect.RegularImmutableMap.fromEntryArray(I[Ljava/util/Map$Entry;)Lcom/google/common/collect/RegularImmutableMap; @ 62
Event: 93.316 Thread 0x000000001ae57000 Uncommon trap: reason=unstable_if action=reinterpret pc=0x00000000053605d0 method=com.google.common.collect.ImmutableMap.copyOf(Ljava/util/Map;)Lcom/google/common/collect/ImmutableMap; @ 4
Event: 93.320 Thread 0x000000001ae57000 Uncommon trap: reason=speculate_class_check action=maybe_recompile pc=0x0000000006a35e18 method=com.android.utils.PositionXmlParser.getPositionHelper(Lorg/w3c/dom/Node;II)Lcom/android/utils/PositionXmlParser$Position; @ 110
Event: 93.320 Thread 0x000000001ae57000 Uncommon trap: reason=speculate_class_check action=maybe_recompile pc=0x0000000006a35e18 method=com.android.utils.PositionXmlParser.getPositionHelper(Lorg/w3c/dom/Node;II)Lcom/android/utils/PositionXmlParser$Position; @ 110
Event: 93.320 Thread 0x000000001ae57000 Uncommon trap: reason=speculate_class_check action=maybe_recompile pc=0x0000000006a35e18 method=com.android.utils.PositionXmlParser.getPositionHelper(Lorg/w3c/dom/Node;II)Lcom/android/utils/PositionXmlParser$Position; @ 110
Event: 93.320 Thread 0x000000001ae57000 Uncommon trap: reason=speculate_class_check action=maybe_recompile pc=0x0000000006a35e18 method=com.android.utils.PositionXmlParser.getPositionHelper(Lorg/w3c/dom/Node;II)Lcom/android/utils/PositionXmlParser$Position; @ 110
Event: 93.359 Thread 0x000000001ae57000 Uncommon trap: reason=bimorphic action=maybe_recompile pc=0x00000000054a9c8c method=com.google.common.collect.AbstractMapBasedMultimap.put(Ljava/lang/Object;Ljava/lang/Object;)Z @ 20

Classes redefined (0 events):
No events

Internal exceptions (10 events):
Event: 85.090 Thread 0x000000001ae50800 Exception <a 'sun/nio/fs/WindowsException'> (0x00000000e58ab7d0) thrown at [D:\src\AOSP-openjdk-cygwin\jdk8u\hotspot\src\share\vm\prims\jni.cpp, line 709]
Event: 85.098 Thread 0x000000001ae4f000 Exception <a 'sun/nio/fs/WindowsException'> (0x00000000e581e310) thrown at [D:\src\AOSP-openjdk-cygwin\jdk8u\hotspot\src\share\vm\prims\jni.cpp, line 709]
Event: 85.099 Thread 0x000000001ae4f000 Exception <a 'sun/nio/fs/WindowsException'> (0x00000000e581ec90) thrown at [D:\src\AOSP-openjdk-cygwin\jdk8u\hotspot\src\share\vm\prims\jni.cpp, line 709]
Event: 85.106 Thread 0x000000001ae51000 Exception <a 'sun/nio/fs/WindowsException'> (0x00000000e45d8598) thrown at [D:\src\AOSP-openjdk-cygwin\jdk8u\hotspot\src\share\vm\prims\jni.cpp, line 709]
Event: 85.106 Thread 0x000000001ae51000 Exception <a 'sun/nio/fs/WindowsException'> (0x00000000e45d8f50) thrown at [D:\src\AOSP-openjdk-cygwin\jdk8u\hotspot\src\share\vm\prims\jni.cpp, line 709]
Event: 89.683 Thread 0x000000001b0f0800 Exception <a 'java/lang/NoSuchMethodError': java.lang.Object.lambda$comparingInt$7b0bb60$1(Ljava/util/function/ToIntFunction;Ljava/lang/Object;Ljava/lang/Object;)I> (0x00000000e5bde2f0) thrown at [D:\src\AOSP-openjdk-cygwin\jdk8u\hotspot\src\share\vm\inte
Event: 93.124 Thread 0x000000001ae57000 Exception <a 'sun/nio/fs/WindowsException'> (0x00000000e8d57f40) thrown at [D:\src\AOSP-openjdk-cygwin\jdk8u\hotspot\src\share\vm\prims\jni.cpp, line 709]
Event: 93.124 Thread 0x000000001ae57000 Exception <a 'sun/nio/fs/WindowsException'> (0x00000000e8d586b8) thrown at [D:\src\AOSP-openjdk-cygwin\jdk8u\hotspot\src\share\vm\prims\jni.cpp, line 709]
Event: 93.124 Thread 0x000000001ae57000 Exception <a 'sun/nio/fs/WindowsException'> (0x00000000e8d59680) thrown at [D:\src\AOSP-openjdk-cygwin\jdk8u\hotspot\src\share\vm\prims\jni.cpp, line 709]
Event: 93.124 Thread 0x000000001ae57000 Exception <a 'sun/nio/fs/WindowsException'> (0x00000000e8d59e30) thrown at [D:\src\AOSP-openjdk-cygwin\jdk8u\hotspot\src\share\vm\prims\jni.cpp, line 709]

Events (10 events):
Event: 93.364 Executing VM operation: RevokeBias
Event: 93.364 Executing VM operation: RevokeBias done
Event: 93.364 Executing VM operation: RevokeBias
Event: 93.364 Executing VM operation: RevokeBias done
Event: 93.364 Executing VM operation: RevokeBias
Event: 93.365 Executing VM operation: RevokeBias done
Event: 93.365 Executing VM operation: RevokeBias
Event: 93.365 Executing VM operation: RevokeBias done
Event: 93.365 Executing VM operation: RevokeBias
Event: 93.365 Executing VM operation: RevokeBias done


Dynamic libraries:
0x00007ff7855b0000 - 0x00007ff7855e1000 	C:\Program Files\Android\Android Studio\jre\bin\java.exe
0x00007ffe31ff0000 - 0x00007ffe321d0000 	C:\WINDOWS\SYSTEM32\ntdll.dll
0x00007ffe09350000 - 0x00007ffe09384000 	C:\Program Files\AVAST Software\Avast\x64\aswhooka.dll
0x00007ffe30960000 - 0x00007ffe30a0e000 	C:\WINDOWS\System32\KERNEL32.DLL
0x00007ffe2ef20000 - 0x00007ffe2f186000 	C:\WINDOWS\System32\KERNELBASE.dll
0x00007ffe31a70000 - 0x00007ffe31b11000 	C:\WINDOWS\System32\ADVAPI32.dll
0x00007ffe31750000 - 0x00007ffe317ed000 	C:\WINDOWS\System32\msvcrt.dll
0x00007ffe31060000 - 0x00007ffe310bb000 	C:\WINDOWS\System32\sechost.dll
0x00007ffe30d80000 - 0x00007ffe30e9f000 	C:\WINDOWS\System32\RPCRT4.dll
0x00007ffe31ca0000 - 0x00007ffe31e2f000 	C:\WINDOWS\System32\USER32.dll
0x00007ffe2e760000 - 0x00007ffe2e780000 	C:\WINDOWS\System32\win32u.dll
0x00007ffe30f70000 - 0x00007ffe30f98000 	C:\WINDOWS\System32\GDI32.dll
0x00007ffe2f2c0000 - 0x00007ffe2f453000 	C:\WINDOWS\System32\gdi32full.dll
0x00007ffe2e3f0000 - 0x00007ffe2e48b000 	C:\WINDOWS\System32\msvcp_win.dll
0x00007ffe2e490000 - 0x00007ffe2e586000 	C:\WINDOWS\System32\ucrtbase.dll
0x00007ffe226f0000 - 0x00007ffe22959000 	C:\WINDOWS\WinSxS\amd64_microsoft.windows.common-controls_6595b64144ccf1df_6.0.16299.309_none_15cfd4c4935e6b11\COMCTL32.dll
0x00007ffe30a10000 - 0x00007ffe30d18000 	C:\WINDOWS\System32\combase.dll
0x00007ffe2f190000 - 0x00007ffe2f202000 	C:\WINDOWS\System32\bcryptPrimitives.dll
0x00007ffe31c70000 - 0x00007ffe31c9d000 	C:\WINDOWS\System32\IMM32.DLL
0x00000000635b0000 - 0x0000000063682000 	C:\Program Files\Android\Android Studio\jre\jre\bin\msvcr100.dll
0x00000000625e0000 - 0x0000000062e1e000 	C:\Program Files\Android\Android Studio\jre\jre\bin\server\jvm.dll
0x00007ffe317f0000 - 0x00007ffe317f8000 	C:\WINDOWS\System32\PSAPI.DLL
0x00007ffe1b890000 - 0x00007ffe1b899000 	C:\WINDOWS\SYSTEM32\WSOCK32.dll
0x00007ffe30ea0000 - 0x00007ffe30f0c000 	C:\WINDOWS\System32\WS2_32.dll
0x00007ffe2b3e0000 - 0x00007ffe2b403000 	C:\WINDOWS\SYSTEM32\WINMM.dll
0x00007ffe1c5d0000 - 0x00007ffe1c5da000 	C:\WINDOWS\SYSTEM32\VERSION.dll
0x00007ffe2b3b0000 - 0x00007ffe2b3da000 	C:\WINDOWS\SYSTEM32\WINMMBASE.dll
0x00007ffe2e780000 - 0x00007ffe2e7ca000 	C:\WINDOWS\System32\cfgmgr32.dll
0x00007ffe24010000 - 0x00007ffe2401f000 	C:\Program Files\Android\Android Studio\jre\jre\bin\verify.dll
0x00007ffe239c0000 - 0x00007ffe239e9000 	C:\Program Files\Android\Android Studio\jre\jre\bin\java.dll
0x00007ffe215d0000 - 0x00007ffe215e6000 	C:\Program Files\Android\Android Studio\jre\jre\bin\zip.dll
0x00007ffe2f4c0000 - 0x00007ffe308f6000 	C:\WINDOWS\System32\SHELL32.dll
0x00007ffe31520000 - 0x00007ffe315c6000 	C:\WINDOWS\System32\shcore.dll
0x00007ffe2e7d0000 - 0x00007ffe2ef17000 	C:\WINDOWS\System32\windows.storage.dll
0x00007ffe30d20000 - 0x00007ffe30d71000 	C:\WINDOWS\System32\shlwapi.dll
0x00007ffe2e340000 - 0x00007ffe2e351000 	C:\WINDOWS\System32\kernel.appcore.dll
0x00007ffe2e380000 - 0x00007ffe2e3cc000 	C:\WINDOWS\System32\powrprof.dll
0x00007ffe2e3d0000 - 0x00007ffe2e3eb000 	C:\WINDOWS\System32\profapi.dll
0x00007ffe215b0000 - 0x00007ffe215ca000 	C:\Program Files\Android\Android Studio\jre\jre\bin\net.dll
0x00007ffe2db70000 - 0x00007ffe2dbd6000 	C:\WINDOWS\system32\mswsock.dll
0x00007ffe212c0000 - 0x00007ffe212d1000 	C:\Program Files\Android\Android Studio\jre\jre\bin\nio.dll
0x00007ffe23b50000 - 0x00007ffe23b6e000 	C:\Users\Huy\.gradle\native\25\windows-amd64\native-platform.dll
0x00007ffe23ef0000 - 0x00007ffe23efd000 	C:\Program Files\Android\Android Studio\jre\jre\bin\management.dll
0x00007ffe2dd30000 - 0x00007ffe2dd47000 	C:\WINDOWS\SYSTEM32\CRYPTSP.dll
0x00007ffe2d770000 - 0x00007ffe2d7a3000 	C:\WINDOWS\system32\rsaenh.dll
0x00007ffe2dea0000 - 0x00007ffe2dec5000 	C:\WINDOWS\SYSTEM32\bcrypt.dll
0x00007ffe2e240000 - 0x00007ffe2e269000 	C:\WINDOWS\SYSTEM32\USERENV.dll
0x00007ffe2dd50000 - 0x00007ffe2dd5b000 	C:\WINDOWS\SYSTEM32\CRYPTBASE.dll
0x00007ffe2d900000 - 0x00007ffe2d939000 	C:\WINDOWS\SYSTEM32\IPHLPAPI.DLL
0x00007ffe31740000 - 0x00007ffe31748000 	C:\WINDOWS\System32\NSI.dll
0x00007ffe27920000 - 0x00007ffe27936000 	C:\WINDOWS\SYSTEM32\dhcpcsvc6.DLL
0x00007ffe27900000 - 0x00007ffe2791a000 	C:\WINDOWS\SYSTEM32\dhcpcsvc.DLL
0x00007ffe11fb0000 - 0x00007ffe11fd4000 	C:\Program Files\Android\Android Studio\jre\jre\bin\sunec.dll
0x00007ffe2d950000 - 0x00007ffe2da06000 	C:\WINDOWS\SYSTEM32\DNSAPI.dll
0x00007ffe23e00000 - 0x00007ffe23e0a000 	C:\Windows\System32\rasadhlp.dll
0x00007ffe247f0000 - 0x00007ffe24860000 	C:\WINDOWS\System32\fwpuclnt.dll
0x00007ffe2abe0000 - 0x00007ffe2abeb000 	C:\Program Files\Android\Android Studio\jre\jre\bin\sunmscapi.dll
0x00007ffe2e590000 - 0x00007ffe2e75e000 	C:\WINDOWS\System32\CRYPT32.dll
0x00007ffe2e360000 - 0x00007ffe2e372000 	C:\WINDOWS\System32\MSASN1.dll

VM Arguments:
jvm_args: -Xmx1536m -Dfile.encoding=windows-1252 -Duser.country=US -Duser.language=en -Duser.variant 
java_command: org.gradle.launcher.daemon.bootstrap.GradleDaemon 4.1
java_class_path (initial): C:\Users\Huy\.gradle\wrapper\dists\gradle-4.1-all\bzyivzo6n839fup2jbap0tjew\gradle-4.1\lib\gradle-launcher-4.1.jar
Launcher Type: SUN_STANDARD

Environment Variables:
JAVA_HOME=C:\Program Files\Java\jdk1.8.0_144
JRE_HOME=C:\Program Files\Java\jre1.8.0_144
PATH=C:\ProgramData\Oracle\Java\javapath;C:\WINDOWS\system32;C:\WINDOWS;C:\WINDOWS\System32\Wbem;C:\WINDOWS\System32\WindowsPowerShell\v1.0\;C:\Program Files\Microsoft SQL Server\130\Tools\Binn\;C:\Program Files\dotnet\;C:\Program Files\Microsoft SQL Server\120\DTS\Binn\;C:\Program Files\Microsoft SQL Server\Client SDK\ODBC\110\Tools\Binn\;C:\Program Files (x86)\Microsoft SQL Server\120\Tools\Binn\;C:\Program Files\Microsoft SQL Server\120\Tools\Binn\;C:\Program Files (x86)\Microsoft SQL Server\120\Tools\Binn\ManagementStudio\;C:\Program Files (x86)\Microsoft SQL Server\120\DTS\Binn\;C:\Program Files\Java\jdk1.8.0_144\bin;C:\Program Files\nodejs\;C:\Program Files\MySQL\MySQL Utilities 1.6\;C:\Program Files\Git\cmd;C:\Program Files\Apache\maven\bin;C:\bin;C:\bin\geckodriver;C:\Users\Huy\AppData\Local\Android\Sdk\tools;C:\Users\Huy\AppData\Local\Android\Sdk\platform-tools;C:\Users\Huy\AppData\Local\Microsoft\WindowsApps;;C:\Program Files (x86)\Microsoft VS Code\bin;C:\Users\Huy\AppData\Roaming\npm
USERNAME=Huy
OS=Windows_NT
PROCESSOR_IDENTIFIER=Intel64 Family 6 Model 42 Stepping 7, GenuineIntel



---------------  S Y S T E M  ---------------

OS: Windows 10.0 , 64 bit Build 16299 (10.0.16299.15)

CPU:total 4 (initial active 4) (2 cores per cpu, 2 threads per core) family 6 model 42 stepping 7, cmov, cx8, fxsr, mmx, sse, sse2, sse3, ssse3, sse4.1, sse4.2, popcnt, avx, clmul, ht, tsc, tscinvbit

Memory: 4k page, physical 8300072k(820148k free), swap 12814108k(4192k free)

vm_info: OpenJDK 64-Bit Server VM (25.152-b01) for windows-amd64 JRE (1.8.0_152-release-915-b01), built by "builder" with MS VC++ 10.0 (VS2010)

time: Tue Apr 10 21:16:48 2018
elapsed time: 93 seconds (0d 0h 1m 33s)

